Using pre-set license
Built from '2022.3/release' branch; Version is '2022.3.18f1 (d29bea25151d) revision 13802474'; Using compiler version '192829333'; Build Type 'Release'
OS: 'Windows 10  (10.0.19045) 64bit Professional' Language: 'en' Physical Memory: 16308 MB
BatchMode: 1, IsHumanControllingUs: 0, StartBugReporterOnCrash: 0, Is64bit: 1, IsPro: 1

COMMAND LINE ARGUMENTS:
C:\Program Files\Unity\Hub\Editor\2022.3.18f1\Editor\Unity.exe
-adb2
-batchMode
-noUpm
-name
AssetImportWorker4
-projectPath
C:/Users/Foca/Documents/Estudos/Faculdade/Projeto 2D/ColornessGit
-logFile
Logs/AssetImportWorker4.log
-srvPort
62422
Successfully changed project path to: C:/Users/Foca/Documents/Estudos/Faculdade/Projeto 2D/ColornessGit
C:/Users/Foca/Documents/Estudos/Faculdade/Projeto 2D/ColornessGit
[UnityMemory] Configuration Parameters - Can be set up in boot.config
    "memorysetup-bucket-allocator-granularity=16"
    "memorysetup-bucket-allocator-bucket-count=8"
    "memorysetup-bucket-allocator-block-size=33554432"
    "memorysetup-bucket-allocator-block-count=8"
    "memorysetup-main-allocator-block-size=16777216"
    "memorysetup-thread-allocator-block-size=16777216"
    "memorysetup-gfx-main-allocator-block-size=16777216"
    "memorysetup-gfx-thread-allocator-block-size=16777216"
    "memorysetup-cache-allocator-block-size=4194304"
    "memorysetup-typetree-allocator-block-size=2097152"
    "memorysetup-profiler-bucket-allocator-granularity=16"
    "memorysetup-profiler-bucket-allocator-bucket-count=8"
    "memorysetup-profiler-bucket-allocator-block-size=33554432"
    "memorysetup-profiler-bucket-allocator-block-count=8"
    "memorysetup-profiler-allocator-block-size=16777216"
    "memorysetup-profiler-editor-allocator-block-size=1048576"
    "memorysetup-temp-allocator-size-main=16777216"
    "memorysetup-job-temp-allocator-block-size=2097152"
    "memorysetup-job-temp-allocator-block-size-background=1048576"
    "memorysetup-job-temp-allocator-reduction-small-platforms=262144"
    "memorysetup-allocator-temp-initial-block-size-main=262144"
    "memorysetup-allocator-temp-initial-block-size-worker=262144"
    "memorysetup-temp-allocator-size-background-worker=32768"
    "memorysetup-temp-allocator-size-job-worker=262144"
    "memorysetup-temp-allocator-size-preload-manager=33554432"
    "memorysetup-temp-allocator-size-nav-mesh-worker=65536"
    "memorysetup-temp-allocator-size-audio-worker=65536"
    "memorysetup-temp-allocator-size-cloud-worker=32768"
    "memorysetup-temp-allocator-size-gi-baking-worker=262144"
    "memorysetup-temp-allocator-size-gfx=262144"
Player connection [21992] Host "[IP] 192.168.127.1 [Port] 0 [Flags] 2 [Guid] 1115994890 [EditorId] 1115994890 [Version] 1048832 [Id] WindowsEditor(7,DESKTOP-S3M6T9J) [Debug] 1 [PackageName] WindowsEditor [ProjectName] Editor" joined multi-casting on [225.0.0.222:54997]...

Player connection [21992] Host "[IP] 192.168.127.1 [Port] 0 [Flags] 2 [Guid] 1115994890 [EditorId] 1115994890 [Version] 1048832 [Id] WindowsEditor(7,DESKTOP-S3M6T9J) [Debug] 1 [PackageName] WindowsEditor [ProjectName] Editor" joined alternative multi-casting on [225.0.0.222:34997]...

[Physics::Module] Initialized MultithreadedJobDispatcher with 19 workers.
Refreshing native plugins compatible for Editor in 198.14 ms, found 4 plugins.
Preloading 0 native plugins for Editor in 0.00 ms.
Initialize engine version: 2022.3.18f1 (d29bea25151d)
[Subsystems] Discovering subsystems at path C:/Program Files/Unity/Hub/Editor/2022.3.18f1/Editor/Data/Resources/UnitySubsystems
[Subsystems] Discovering subsystems at path C:/Users/Foca/Documents/Estudos/Faculdade/Projeto 2D/ColornessGit/Assets
GfxDevice: creating device client; threaded=0; jobified=0
Direct3D:
    Version:  Direct3D 11.0 [level 11.1]
    Renderer: AMD Radeon RX590 GME (ID=0x6fdf)
    Vendor:   ATI
    VRAM:     8135 MB
    Driver:   31.0.21921.1000
Initialize mono
Mono path[0] = 'C:/Program Files/Unity/Hub/Editor/2022.3.18f1/Editor/Data/Managed'
Mono path[1] = 'C:/Program Files/Unity/Hub/Editor/2022.3.18f1/Editor/Data/MonoBleedingEdge/lib/mono/unityjit-win32'
Mono config path = 'C:/Program Files/Unity/Hub/Editor/2022.3.18f1/Editor/Data/MonoBleedingEdge/etc'
Using monoOptions --debugger-agent=transport=dt_socket,embedding=1,server=y,suspend=n,address=127.0.0.1:56924
Begin MonoManager ReloadAssembly
Registering precompiled unity dll's ...
Register platform support module: C:/Program Files/Unity/Hub/Editor/2022.3.18f1/Editor/Data/PlaybackEngines/WebGLSupport/UnityEditor.WebGL.Extensions.dll
Register platform support module: C:/Program Files/Unity/Hub/Editor/2022.3.18f1/Editor/Data/PlaybackEngines/AndroidPlayer/UnityEditor.Android.Extensions.dll
Register platform support module: C:/Program Files/Unity/Hub/Editor/2022.3.18f1/Editor/Data/PlaybackEngines/iOSSupport/UnityEditor.iOS.Extensions.dll
Register platform support module: C:/Program Files/Unity/Hub/Editor/2022.3.18f1/Editor/Data/PlaybackEngines/WindowsStandaloneSupport/UnityEditor.WindowsStandalone.Extensions.dll
Register platform support module: C:/Program Files/Unity/Hub/Editor/2022.3.18f1/Editor/Data/PlaybackEngines/LinuxStandaloneSupport/UnityEditor.LinuxStandalone.Extensions.dll
Registered in 0.072570 seconds.
- Loaded All Assemblies, in  1.078 seconds
Native extension for LinuxStandalone target not found
Native extension for WindowsStandalone target not found
[usbmuxd] Start listen thread
[usbmuxd] Listen thread started
Native extension for iOS target not found
Native extension for Android target not found
Android Extension - Scanning For ADB Devices 1726 ms
Native extension for WebGL target not found
Mono: successfully reloaded assembly
- Finished resetting the current domain, in  3.049 seconds
Domain Reload Profiling: 4117ms
	BeginReloadAssembly (283ms)
		ExecutionOrderSort (0ms)
		DisableScriptedObjects (0ms)
		BackupInstance (0ms)
		ReleaseScriptingObjects (0ms)
		CreateAndSetChildDomain (2ms)
	RebuildCommonClasses (73ms)
	RebuildNativeTypeToScriptingClass (28ms)
	initialDomainReloadingComplete (204ms)
	LoadAllAssembliesAndSetupDomain (478ms)
		LoadAssemblies (279ms)
		RebuildTransferFunctionScriptingTraits (0ms)
		AnalyzeDomain (468ms)
			TypeCache.Refresh (466ms)
				TypeCache.ScanAssembly (439ms)
			ScanForSourceGeneratedMonoScriptInfo (1ms)
			ResolveRequiredComponents (1ms)
	FinalizeReload (3050ms)
		ReleaseScriptCaches (0ms)
		RebuildScriptCaches (0ms)
		SetupLoadedEditorAssemblies (2928ms)
			LogAssemblyErrors (0ms)
			InitializePlatformSupportModulesInManaged (2394ms)
			SetLoadedEditorAssemblies (8ms)
			RefreshPlugins (0ms)
			BeforeProcessingInitializeOnLoad (5ms)
			ProcessInitializeOnLoadAttributes (292ms)
			ProcessInitializeOnLoadMethodAttributes (228ms)
			AfterProcessingInitializeOnLoad (0ms)
			EditorAssembliesLoaded (0ms)
		ExecutionOrderSort2 (0ms)
		AwakeInstancesAfterBackupRestoration (0ms)
========================================================================
Worker process is ready to serve import requests
Begin MonoManager ReloadAssembly
- Loaded All Assemblies, in  2.510 seconds
Refreshing native plugins compatible for Editor in 28.27 ms, found 4 plugins.
Native extension for LinuxStandalone target not found
Native extension for WindowsStandalone target not found
Native extension for iOS target not found
Native extension for Android target not found
Native extension for WebGL target not found
Package Manager log level set to [2]
[Package Manager] Server::EnsureServerProcessIsRunning -- launch failed, reason: Unity was launched with the -noUpm command-line argument
[Package Manager] UpmClient::Send -- Unable to send message (not connected to UPM process).
[Package Manager] Cannot connect to Unity Package Manager local server
Mono: successfully reloaded assembly
- Finished resetting the current domain, in  2.370 seconds
Domain Reload Profiling: 4853ms
	BeginReloadAssembly (411ms)
		ExecutionOrderSort (0ms)
		DisableScriptedObjects (15ms)
		BackupInstance (0ms)
		ReleaseScriptingObjects (0ms)
		CreateAndSetChildDomain (48ms)
	RebuildCommonClasses (86ms)
	RebuildNativeTypeToScriptingClass (27ms)
	initialDomainReloadingComplete (138ms)
	LoadAllAssembliesAndSetupDomain (1821ms)
		LoadAssemblies (1277ms)
		RebuildTransferFunctionScriptingTraits (0ms)
		AnalyzeDomain (802ms)
			TypeCache.Refresh (721ms)
				TypeCache.ScanAssembly (484ms)
			ScanForSourceGeneratedMonoScriptInfo (58ms)
			ResolveRequiredComponents (20ms)
	FinalizeReload (2371ms)
		ReleaseScriptCaches (0ms)
		RebuildScriptCaches (0ms)
		SetupLoadedEditorAssemblies (1943ms)
			LogAssemblyErrors (0ms)
			InitializePlatformSupportModulesInManaged (143ms)
			SetLoadedEditorAssemblies (8ms)
			RefreshPlugins (0ms)
			BeforeProcessingInitializeOnLoad (249ms)
			ProcessInitializeOnLoadAttributes (1425ms)
			ProcessInitializeOnLoadMethodAttributes (82ms)
			AfterProcessingInitializeOnLoad (35ms)
			EditorAssembliesLoaded (0ms)
		ExecutionOrderSort2 (0ms)
		AwakeInstancesAfterBackupRestoration (25ms)
Launched and connected shader compiler UnityShaderCompiler.exe after 0.26 seconds
Refreshing native plugins compatible for Editor in 21.48 ms, found 4 plugins.
Preloading 0 native plugins for Editor in 0.00 ms.
Unloading 4638 Unused Serialized files (Serialized files now loaded: 0)
Unloading 85 unused Assets / (136.7 KB). Loaded Objects now: 5102.
Memory consumption went from 167.0 MB to 166.9 MB.
Total: 7.814900 ms (FindLiveObjects: 0.540800 ms CreateObjectMapping: 0.326600 ms MarkObjects: 6.655700 ms  DeleteObjects: 0.290000 ms)

AssetImportParameters requested are different than current active one (requested -> active):
  custom:container-demuxer-ogg: 62fdf1f143b41e24485cea50d1cbac27 -> 
  custom:video-decoder-ogg-theora: a1e56fd34408186e4bbccfd4996cb3dc -> 
  custom:framework-win-MediaFoundation: 216162199b28c13a410421893ffa2e32 -> 
  custom:CustomObjectIndexerAttribute: 6d391050e5a25f67b0a2c618074f2cd9 -> 
  custom:container-demuxer-webm: 4f35f7cbe854078d1ac9338744f61a02 -> 
  custom:container-muxer-webm: aa71ff27fc2769a1b78a27578f13a17b -> 
  custom:video-decoder-webm-vp8: 9c59270c3fd7afecdb556c50c9e8de78 -> 
  custom:SearchIndexIgnoredProperties: e643bd26f0fe6173181afceb89e7c659 -> 
  custom:AudioImporter_EditorPlatform: d09bf68614088b80899f8185d706f6e7 -> 
  custom:video-encoder-webm-vp8: eb34c28f22e8b96e1ab97ce403110664 -> 
  custom:audio-decoder-ogg-vorbis: bf7c407c2cedff20999df2af8eb42d56 -> 
  custom:audio-encoder-webm-vorbis: bf7c407c2cedff20999df2af8eb42d56 -> 
========================================================================
Received Import Request.
  Time since last request: 570492.584457 seconds.
  path: Assets/Art/Characters/BeelzebufoBoss/BeelzFumaca
  artifactKey: Guid(5a7b0e973adc9864e9d65794f46f01b6) Importer(815301076,1909f56bfc062723c751e8b465ee728b)
Start importing Assets/Art/Characters/BeelzebufoBoss/BeelzFumaca using Guid(5a7b0e973adc9864e9d65794f46f01b6) Importer(815301076,1909f56bfc062723c751e8b465ee728b)  -> (artifact id: '2efbecc423ec6c33eeb80cea5289d812') in 0.005611 seconds
Number of updated asset objects reloaded before import = 0
Number of asset objects unloaded after import = 0
========================================================================
Received Import Request.
  Time since last request: 0.052966 seconds.
  path: Assets/Art/Characters/BeelzebufoBoss/BeelzFumaca/Beelz_Fumaca0000.png
  artifactKey: Guid(56d144ba63a394c44bd7e32ad7d6cfde) Importer(815301076,1909f56bfc062723c751e8b465ee728b)
Start importing Assets/Art/Characters/BeelzebufoBoss/BeelzFumaca/Beelz_Fumaca0000.png using Guid(56d144ba63a394c44bd7e32ad7d6cfde) Importer(815301076,1909f56bfc062723c751e8b465ee728b)  -> (artifact id: 'c308e5c95ec95bdd6b91cb9b4824e09f') in 0.376430 seconds
Number of updated asset objects reloaded before import = 0
Number of asset objects unloaded after import = 3
========================================================================
Received Import Request.
  Time since last request: 0.000063 seconds.
  path: Assets/Art/Characters/BeelzebufoBoss/BeelzFumaca/Beelz_Fumaca0048.png
  artifactKey: Guid(16e5bd41bb6884546aa3750e3977e4a8) Importer(815301076,1909f56bfc062723c751e8b465ee728b)
Start importing Assets/Art/Characters/BeelzebufoBoss/BeelzFumaca/Beelz_Fumaca0048.png using Guid(16e5bd41bb6884546aa3750e3977e4a8) Importer(815301076,1909f56bfc062723c751e8b465ee728b)  -> (artifact id: 'fef45efccebcf98444c5bb7a08a895eb') in 0.134641 seconds
Number of updated asset objects reloaded before import = 0
Number of asset objects unloaded after import = 3
========================================================================
Received Import Request.
  Time since last request: 191.601787 seconds.
  path: Assets/Art/Characters/BeelzebufoBoss/BeelzIdle/Beelz_Idle0000.png
  artifactKey: Guid(c378c8237b9dd55468b933ea8d2084ca) Importer(815301076,1909f56bfc062723c751e8b465ee728b)
Start importing Assets/Art/Characters/BeelzebufoBoss/BeelzIdle/Beelz_Idle0000.png using Guid(c378c8237b9dd55468b933ea8d2084ca) Importer(815301076,1909f56bfc062723c751e8b465ee728b)  -> (artifact id: '57fc1b93aa43ee2de295110732904ee3') in 0.058549 seconds
Number of updated asset objects reloaded before import = 0
Number of asset objects unloaded after import = 3
========================================================================
Received Import Request.
  Time since last request: 0.000039 seconds.
  path: Assets/Art/Characters/BeelzebufoBoss/BeelzIdle/Beelz_Idle0010.png
  artifactKey: Guid(aa51deba691345e418c2f2c4bf8b6095) Importer(815301076,1909f56bfc062723c751e8b465ee728b)
Start importing Assets/Art/Characters/BeelzebufoBoss/BeelzIdle/Beelz_Idle0010.png using Guid(aa51deba691345e418c2f2c4bf8b6095) Importer(815301076,1909f56bfc062723c751e8b465ee728b)  -> (artifact id: '4203e217a6dacba9773d8399ff0ffd79') in 0.054911 seconds
Number of updated asset objects reloaded before import = 0
Number of asset objects unloaded after import = 3
========================================================================
Received Import Request.
  Time since last request: 25.908049 seconds.
  path: Assets/Art/Characters/BeelzebufoBoss/BeelzIdle/Beelz_Idle0000.png
  artifactKey: Guid(c378c8237b9dd55468b933ea8d2084ca) Importer(815301076,1909f56bfc062723c751e8b465ee728b)
Start importing Assets/Art/Characters/BeelzebufoBoss/BeelzIdle/Beelz_Idle0000.png using Guid(c378c8237b9dd55468b933ea8d2084ca) Importer(815301076,1909f56bfc062723c751e8b465ee728b)  -> (artifact id: 'eba30b0bdd50b821d9e3bb122c8dabf2') in 0.062618 seconds
Number of updated asset objects reloaded before import = 0
Number of asset objects unloaded after import = 3
========================================================================
Received Import Request.
  Time since last request: 1445.675748 seconds.
  path: Assets/Art/Characters/BeelzebufoBoss/BeelzPulo
  artifactKey: Guid(3c35de6cc3bc16c4a89318e17c711cd0) Importer(815301076,1909f56bfc062723c751e8b465ee728b)
Start importing Assets/Art/Characters/BeelzebufoBoss/BeelzPulo using Guid(3c35de6cc3bc16c4a89318e17c711cd0) Importer(815301076,1909f56bfc062723c751e8b465ee728b)  -> (artifact id: '483c557f07aedce5b01c732a2436a561') in 0.001512 seconds
Number of updated asset objects reloaded before import = 0
Number of asset objects unloaded after import = 0
========================================================================
Received Import Request.
  Time since last request: 0.021357 seconds.
  path: Assets/Art/Characters/BeelzebufoBoss/BeelzPulo/Beelz_Pulo0000.png
  artifactKey: Guid(090d3188430683f4cb1199925258cd2e) Importer(815301076,1909f56bfc062723c751e8b465ee728b)
Start importing Assets/Art/Characters/BeelzebufoBoss/BeelzPulo/Beelz_Pulo0000.png using Guid(090d3188430683f4cb1199925258cd2e) Importer(815301076,1909f56bfc062723c751e8b465ee728b)  -> (artifact id: '45c9ef5d798b56006aa154a66f0d7f94') in 0.057906 seconds
Number of updated asset objects reloaded before import = 0
Number of asset objects unloaded after import = 3
========================================================================
Received Import Request.
  Time since last request: 0.109792 seconds.
  path: Assets/Art/Characters/BeelzebufoBoss/BeelzPulo/Beelz_Pulo0019.png
  artifactKey: Guid(59f231567d62ae3418163b810d7a5e4d) Importer(815301076,1909f56bfc062723c751e8b465ee728b)
Start importing Assets/Art/Characters/BeelzebufoBoss/BeelzPulo/Beelz_Pulo0019.png using Guid(59f231567d62ae3418163b810d7a5e4d) Importer(815301076,1909f56bfc062723c751e8b465ee728b)  -> (artifact id: '4adfdd9fe09b7761c8d0f36a608862a6') in 0.053956 seconds
Number of updated asset objects reloaded before import = 0
Number of asset objects unloaded after import = 3
========================================================================
Received Import Request.
  Time since last request: 0.198085 seconds.
  path: Assets/Art/Characters/BeelzebufoBoss/BeelzPulo/Beelz_Pulo0021.png
  artifactKey: Guid(51e80936fb32034449673f8085cf34b3) Importer(815301076,1909f56bfc062723c751e8b465ee728b)
Start importing Assets/Art/Characters/BeelzebufoBoss/BeelzPulo/Beelz_Pulo0021.png using Guid(51e80936fb32034449673f8085cf34b3) Importer(815301076,1909f56bfc062723c751e8b465ee728b)  -> (artifact id: '77c8432b828863b7ae51d70c83b7dfad') in 0.053058 seconds
Number of updated asset objects reloaded before import = 0
Number of asset objects unloaded after import = 3
========================================================================
Received Import Request.
  Time since last request: 0.132265 seconds.
  path: Assets/Art/Characters/BeelzebufoBoss/BeelzPulo/Beelz_Pulo0041.png
  artifactKey: Guid(1bd9df769d4b6a741904ccdd8a37113e) Importer(815301076,1909f56bfc062723c751e8b465ee728b)
Start importing Assets/Art/Characters/BeelzebufoBoss/BeelzPulo/Beelz_Pulo0041.png using Guid(1bd9df769d4b6a741904ccdd8a37113e) Importer(815301076,1909f56bfc062723c751e8b465ee728b)  -> (artifact id: 'a888b91f76efefa500d126bd41722254') in 0.061328 seconds
Number of updated asset objects reloaded before import = 0
Number of asset objects unloaded after import = 3
========================================================================
Received Import Request.
  Time since last request: 0.000027 seconds.
  path: Assets/Art/Characters/BeelzebufoBoss/BeelzPulo/Beelz_Pulo0080.png
  artifactKey: Guid(0a26bc883094cce44879541b5f0477b8) Importer(815301076,1909f56bfc062723c751e8b465ee728b)
Start importing Assets/Art/Characters/BeelzebufoBoss/BeelzPulo/Beelz_Pulo0080.png using Guid(0a26bc883094cce44879541b5f0477b8) Importer(815301076,1909f56bfc062723c751e8b465ee728b)  -> (artifact id: 'fe6deb8fd752b5f95305dff5b5b31a79') in 0.056094 seconds
Number of updated asset objects reloaded before import = 0
Number of asset objects unloaded after import = 3
========================================================================
Received Import Request.
  Time since last request: 0.000048 seconds.
  path: Assets/Art/Characters/BeelzebufoBoss/BeelzPulo/Beelz_Pulo0078.png
  artifactKey: Guid(447e640abc8b84b4bbf8f10aec4512d0) Importer(815301076,1909f56bfc062723c751e8b465ee728b)
Start importing Assets/Art/Characters/BeelzebufoBoss/BeelzPulo/Beelz_Pulo0078.png using Guid(447e640abc8b84b4bbf8f10aec4512d0) Importer(815301076,1909f56bfc062723c751e8b465ee728b)  -> (artifact id: '1ace5fcecd5e91143ba1c22b6a25733b') in 0.058761 seconds
Number of updated asset objects reloaded before import = 0
Number of asset objects unloaded after import = 3
========================================================================
Received Import Request.
  Time since last request: 0.000044 seconds.
  path: Assets/Art/Characters/BeelzebufoBoss/BeelzPulo/Beelz_Pulo0077.png
  artifactKey: Guid(da0e7b93877aebe4f8f5a9979e5d25cf) Importer(815301076,1909f56bfc062723c751e8b465ee728b)
Start importing Assets/Art/Characters/BeelzebufoBoss/BeelzPulo/Beelz_Pulo0077.png using Guid(da0e7b93877aebe4f8f5a9979e5d25cf) Importer(815301076,1909f56bfc062723c751e8b465ee728b)  -> (artifact id: '04055fae6cef2de35ad4973c0b1b3cb7') in 0.059227 seconds
Number of updated asset objects reloaded before import = 0
Number of asset objects unloaded after import = 3
========================================================================
Received Import Request.
  Time since last request: 0.000029 seconds.
  path: Assets/Art/Characters/BeelzebufoBoss/BeelzPulo/Beelz_Pulo0051.png
  artifactKey: Guid(6ec8ece28900b9943ae7e8301c7d2f59) Importer(815301076,1909f56bfc062723c751e8b465ee728b)
Start importing Assets/Art/Characters/BeelzebufoBoss/BeelzPulo/Beelz_Pulo0051.png using Guid(6ec8ece28900b9943ae7e8301c7d2f59) Importer(815301076,1909f56bfc062723c751e8b465ee728b)  -> (artifact id: 'bd7093962d9526cedd3d76260a3e7067') in 0.056055 seconds
Number of updated asset objects reloaded before import = 0
Number of asset objects unloaded after import = 3
========================================================================
Received Import Request.
  Time since last request: 0.000028 seconds.
  path: Assets/Art/Characters/BeelzebufoBoss/BeelzPulo/Beelz_Pulo0020.png
  artifactKey: Guid(bc33c7a4dd498fd45b0bc6f06d228465) Importer(815301076,1909f56bfc062723c751e8b465ee728b)
Start importing Assets/Art/Characters/BeelzebufoBoss/BeelzPulo/Beelz_Pulo0020.png using Guid(bc33c7a4dd498fd45b0bc6f06d228465) Importer(815301076,1909f56bfc062723c751e8b465ee728b)  -> (artifact id: 'cd69e846999c60d775f628ce2143ecaf') in 0.056518 seconds
Number of updated asset objects reloaded before import = 0
Number of asset objects unloaded after import = 3
========================================================================
Received Import Request.
  Time since last request: 0.000030 seconds.
  path: Assets/Art/Characters/BeelzebufoBoss/BeelzPulo/Beelz_Pulo0022.png
  artifactKey: Guid(28bcb9d88de17dd47bb35cc1b16ee1c3) Importer(815301076,1909f56bfc062723c751e8b465ee728b)
Start importing Assets/Art/Characters/BeelzebufoBoss/BeelzPulo/Beelz_Pulo0022.png using Guid(28bcb9d88de17dd47bb35cc1b16ee1c3) Importer(815301076,1909f56bfc062723c751e8b465ee728b)  -> (artifact id: '11e199fc3daaf5802532632ac7dc66d0') in 0.058732 seconds
Number of updated asset objects reloaded before import = 0
Number of asset objects unloaded after import = 3
========================================================================
Received Import Request.
  Time since last request: 0.000045 seconds.
  path: Assets/Art/Characters/BeelzebufoBoss/BeelzPulo/Beelz_Pulo0082.png
  artifactKey: Guid(045dd84170d8ace47b06484f50bded4e) Importer(815301076,1909f56bfc062723c751e8b465ee728b)
Start importing Assets/Art/Characters/BeelzebufoBoss/BeelzPulo/Beelz_Pulo0082.png using Guid(045dd84170d8ace47b06484f50bded4e) Importer(815301076,1909f56bfc062723c751e8b465ee728b)  -> (artifact id: '36777eb0cadcefdb9430b62165d49dff') in 0.067110 seconds
Number of updated asset objects reloaded before import = 0
Number of asset objects unloaded after import = 3
Editor requested this worker to shutdown with reason: Scaling down because of idle timeout
TcpMessagingSession - receive error: operation aborted. errorcode: 995, details: The I/O operation has been aborted because of either a thread exit or an application request.
AssetImportWorker is now disconnected from the server
Process exiting
Exiting without the bug reporter. Application will terminate with return code 0